RCS file: /sources/xsltxt/xsltxt/COPYING,v
Working file: COPYING
head: 1.1
branch: 1.1.1
locks: strict
access list:
symbolic names:
	start: 1.1.1.1
	foo: 1.1.1
keyword substitution: kv
total revisions: 2;	selected revisions: 2
description:
----------------------------
revision 1.1
date: 2002-02-22 19:49:43 -0600;  author: alexmoffat;  state: Exp;
branches:  1.1.1;
Initial revision
----------------------------
revision 1.1.1.1
date: 2002-02-22 19:49:43 -0600;  author: alexmoffat;  state: Exp;  lines: +0 -0;
Imported sources
=============================================================================

RCS file: /sources/xsltxt/xsltxt/LICENSE.ant,v
Working file: LICENSE.ant
head: 1.1
branch:
locks: strict
access list:
symbolic names:
keyword substitution: kv
total revisions: 1;	selected revisions: 1
description:
----------------------------
revision 1.1
date: 2002-11-02 21:48:25 -0600;  author: alexmoffat;  state: Exp;
Initial checkin.
=============================================================================

RCS file: /sources/xsltxt/xsltxt/LICENSE.dom,v
Working file: LICENSE.dom
head: 1.1
branch:
locks: strict
access list:
symbolic names:
keyword substitution: kv
total revisions: 1;	selected revisions: 1
description:
----------------------------
revision 1.1
date: 2002-11-02 21:48:25 -0600;  author: alexmoffat;  state: Exp;
Initial checkin.
=============================================================================

RCS file: /sources/xsltxt/xsltxt/LICENSE.jdom,v
Working file: LICENSE.jdom
head: 1.1
branch:
locks: strict
access list:
symbolic names:
keyword substitution: kv
total revisions: 1;	selected revisions: 1
description:
----------------------------
revision 1.1
date: 2002-11-02 21:48:25 -0600;  author: alexmoffat;  state: Exp;
Initial checkin.
=============================================================================

RCS file: /sources/xsltxt/xsltxt/LICENSE.junit,v
Working file: LICENSE.junit
head: 1.1
branch:
locks: strict
access list:
symbolic names:
keyword substitution: kv
total revisions: 1;	selected revisions: 1
description:
----------------------------
revision 1.1
date: 2002-11-02 21:48:25 -0600;  author: alexmoffat;  state: Exp;
Initial checkin.
=============================================================================

RCS file: /sources/xsltxt/xsltxt/LICENSE.sax,v
Working file: LICENSE.sax
head: 1.1
branch:
locks: strict
access list:
symbolic names:
keyword substitution: kv
total revisions: 1;	selected revisions: 1
description:
----------------------------
revision 1.1
date: 2002-11-02 21:48:25 -0600;  author: alexmoffat;  state: Exp;
Initial checkin.
=============================================================================

RCS file: /sources/xsltxt/xsltxt/LICENSE.xerces,v
Working file: LICENSE.xerces
head: 1.1
branch:
locks: strict
access list:
symbolic names:
keyword substitution: kv
total revisions: 1;	selected revisions: 1
description:
----------------------------
revision 1.1
date: 2002-11-02 21:48:25 -0600;  author: alexmoffat;  state: Exp;
Initial checkin.
=============================================================================

RCS file: /sources/xsltxt/xsltxt/README,v
Working file: README
head: 1.4
branch:
locks: strict
access list:
symbolic names:
keyword substitution: kv
total revisions: 4;	selected revisions: 4
description:
----------------------------
revision 1.4
date: 2002-11-02 21:31:34 -0600;  author: alexmoffat;  state: Exp;  lines: +11 -2;
Mention licensing of software used by xsltxt. Update version number.
----------------------------
revision 1.3
date: 2002-02-26 22:40:25 -0600;  author: alexmoffat;  state: Exp;  lines: +9 -11;
Updated with versions of libraries to use.
----------------------------
revision 1.2
date: 2002-02-24 08:21:00 -0600;  author: alexmoffat;  state: Exp;  lines: +12 -10;
Added more info.
----------------------------
revision 1.1
date: 2002-02-22 20:50:02 -0600;  author: alexmoffat;  state: Exp;
Initial checkin to savannah
=============================================================================

RCS file: /sources/xsltxt/xsltxt/build.xml,v
Working file: build.xml
head: 1.11
branch:
locks: strict
access list:
symbolic names:
keyword substitution: kv
total revisions: 11;	selected revisions: 11
description:
----------------------------
revision 1.11
date: 2002-11-02 21:49:15 -0600;  author: alexmoffat;  state: Exp;  lines: +8 -8;
Changed to bin-full.jar and bin.jar
----------------------------
revision 1.10
date: 2002-11-02 21:32:24 -0600;  author: alexmoffat;  state: Exp;  lines: +36 -1;
Added LICENSE files to distribution. Added "light" binary distribution.
----------------------------
revision 1.9
date: 2002-10-30 22:19:45 -0600;  author: alexmoffat;  state: Exp;  lines: +45 -5;
Build a "binary" distribution "xsltxt-bin.jar.gz" that contains all of
the code needed to run standalone.
----------------------------
revision 1.8
date: 2002-02-27 21:59:26 -0600;  author: alexmoffat;  state: Exp;  lines: +4 -4;
Small change to way test_03 is run.
----------------------------
revision 1.7
date: 2002-02-27 21:55:55 -0600;  author: alexmoffat;  state: Exp;  lines: +43 -0;
Added test_03.
----------------------------
revision 1.6
date: 2002-02-27 19:54:24 -0600;  author: alexmoffat;  state: Exp;  lines: +27 -0;
Added a test_02 target.
----------------------------
revision 1.5
date: 2002-02-26 22:51:23 -0600;  author: alexmoffat;  state: Exp;  lines: +1 -0;
Added tests to buildSourceDistribution target.
----------------------------
revision 1.4
date: 2002-02-26 22:40:57 -0600;  author: alexmoffat;  state: Exp;  lines: +58 -1;
Added first test target, test_01.
----------------------------
revision 1.3
date: 2002-02-25 22:04:23 -0600;  author: alexmoffat;  state: Exp;  lines: +16 -4;
Added targets for building a binary distribution and for building both
binary and source distributions.
----------------------------
revision 1.2
date: 2002-02-24 08:20:04 -0600;  author: alexmoffat;  state: Exp;  lines: +7 -7;
Corrected package name and decided that xml-apis.jar was needed after
all.
----------------------------
revision 1.1
date: 2002-02-22 20:39:53 -0600;  author: alexmoffat;  state: Exp;
Initial checkin to savannah
=============================================================================

RCS file: /sources/xsltxt/xsltxt/build_style.xml,v
Working file: build_style.xml
head: 1.2
branch:
locks: strict
access list:
symbolic names:
keyword substitution: kv
total revisions: 2;	selected revisions: 2
description:
----------------------------
revision 1.2
date: 2002-11-03 15:34:10 -0600;  author: alexmoffat;  state: Exp;  lines: +6 -3;
Added force attribute.
----------------------------
revision 1.1
date: 2002-11-03 11:39:44 -0600;  author: alexmoffat;  state: Exp;
Initial checkin.
=============================================================================

RCS file: /sources/xsltxt/xsltxt/build_xsltxt.xml,v
Working file: build_xsltxt.xml
head: 1.2
branch:
locks: strict
access list:
symbolic names:
keyword substitution: kv
total revisions: 2;	selected revisions: 2
description:
----------------------------
revision 1.2
date: 2002-11-03 15:34:10 -0600;  author: alexmoffat;  state: Exp;  lines: +6 -3;
Added force attribute.
----------------------------
revision 1.1
date: 2002-11-03 11:39:44 -0600;  author: alexmoffat;  state: Exp;
Initial checkin.
=============================================================================

RCS file: /sources/xsltxt/xsltxt/runTests.pl,v
Working file: runTests.pl
head: 1.2
branch:
locks: strict
access list:
symbolic names:
keyword substitution: kv
total revisions: 2;	selected revisions: 2
description:
----------------------------
revision 1.2
date: 2002-02-27 21:53:58 -0600;  author: alexmoffat;  state: Exp;  lines: +31 -3;
Added ability to run a selection of tests instead of always running
them all.
----------------------------
revision 1.1
date: 2002-02-27 19:54:53 -0600;  author: alexmoffat;  state: Exp;
Initial checkin.
=============================================================================

RCS file: /sources/xsltxt/xsltxt/runant.sh,v
Working file: runant.sh
head: 1.3
branch:
locks: strict
access list:
symbolic names:
keyword substitution: kv
total revisions: 3;	selected revisions: 3
description:
----------------------------
revision 1.3
date: 2002-11-02 21:48:55 -0600;  author: alexmoffat;  state: Exp;  lines: +1 -1;
Changed paths.
----------------------------
revision 1.2
date: 2002-10-30 22:20:23 -0600;  author: alexmoffat;  state: Exp;  lines: +1 -1;
A more standard location for java.
----------------------------
revision 1.1
date: 2002-02-22 20:50:22 -0600;  author: alexmoffat;  state: Exp;
Initial checkin to savannah
=============================================================================

RCS file: /sources/xsltxt/xsltxt/runtestant.sh,v
Working file: runtestant.sh
head: 1.3
branch:
locks: strict
access list:
symbolic names:
keyword substitution: kv
total revisions: 3;	selected revisions: 3
description:
----------------------------
revision 1.3
date: 2002-11-03 15:34:57 -0600;  author: alexmoffat;  state: Exp;  lines: +2 -2;
Added verbose flag.
----------------------------
revision 1.2
date: 2002-11-03 11:40:18 -0600;  author: alexmoffat;  state: Exp;  lines: +5 -1;
Run tests for xsltxt task and style task with xsltxt processor.
----------------------------
revision 1.1
date: 2002-11-02 21:32:56 -0600;  author: alexmoffat;  state: Exp;
Initial checkin.
=============================================================================

RCS file: /sources/xsltxt/xsltxt/Attic/test_build.xml,v
Working file: test_build.xml
head: 1.2
branch:
locks: strict
access list:
symbolic names:
keyword substitution: kv
total revisions: 2;	selected revisions: 2
description:
----------------------------
revision 1.2
date: 2002-11-03 11:39:09 -0600;  author: alexmoffat;  state: dead;  lines: +0 -0;
Replaced by build_style.xml
----------------------------
revision 1.1
date: 2002-11-02 21:48:40 -0600;  author: alexmoffat;  state: Exp;
Initial checkin.
=============================================================================

RCS file: /sources/xsltxt/xsltxt/xsltxt-mode.el,v
Working file: xsltxt-mode.el
head: 1.2
branch:
locks: strict
access list:
symbolic names:
keyword substitution: kv
total revisions: 2;	selected revisions: 2
description:
----------------------------
revision 1.2
date: 2002-11-06 16:10:54 -0600;  author: alexmoffat;  state: Exp;  lines: +62 -1;
Code to jump to template definations from their calls.
----------------------------
revision 1.1
date: 2002-10-20 19:07:03 -0500;  author: alexmoffat;  state: Exp;
Initial checkin.
=============================================================================

RCS file: /sources/xsltxt/xsltxt/docs/docs.html,v
Working file: docs/docs.html
head: 1.1
branch:
locks: strict
access list:
symbolic names:
keyword substitution: kv
total revisions: 1;	selected revisions: 1
description:
----------------------------
revision 1.1
date: 2002-03-01 20:57:35 -0600;  author: alexmoffat;  state: Exp;
Initial checkin.
=============================================================================

RCS file: /sources/xsltxt/xsltxt/docs/docs.xml,v
Working file: docs/docs.xml
head: 1.2
branch:
locks: strict
access list:
symbolic names:
keyword substitution: kv
total revisions: 2;	selected revisions: 2
description:
----------------------------
revision 1.2
date: 2002-03-01 20:57:57 -0600;  author: alexmoffat;  state: Exp;  lines: +87 -49;
More info.
----------------------------
revision 1.1
date: 2002-02-22 20:40:41 -0600;  author: alexmoffat;  state: Exp;
Initial checkin to savannah
=============================================================================

RCS file: /sources/xsltxt/xsltxt/docs/statements.html,v
Working file: docs/statements.html
head: 1.1
branch:
locks: strict
access list:
symbolic names:
keyword substitution: kv
total revisions: 1;	selected revisions: 1
description:
----------------------------
revision 1.1
date: 2002-03-01 20:57:35 -0600;  author: alexmoffat;  state: Exp;
Initial checkin.
=============================================================================

RCS file: /sources/xsltxt/xsltxt/docs/statements.xml,v
Working file: docs/statements.xml
head: 1.2
branch:
locks: strict
access list:
symbolic names:
keyword substitution: kv
total revisions: 2;	selected revisions: 2
description:
----------------------------
revision 1.2
date: 2002-03-01 20:57:57 -0600;  author: alexmoffat;  state: Exp;  lines: +43 -2;
More info.
----------------------------
revision 1.1
date: 2002-02-22 20:40:41 -0600;  author: alexmoffat;  state: Exp;
Initial checkin to savannah
=============================================================================

RCS file: /sources/xsltxt/xsltxt/docs/statements_docbook.xml,v
Working file: docs/statements_docbook.xml
head: 1.1
branch:
locks: strict
access list:
symbolic names:
keyword substitution: kv
total revisions: 1;	selected revisions: 1
description:
----------------------------
revision 1.1
date: 2002-03-01 20:57:35 -0600;  author: alexmoffat;  state: Exp;
Initial checkin.
=============================================================================

RCS file: /sources/xsltxt/xsltxt/properties/MANIFEST.MF,v
Working file: properties/MANIFEST.MF
head: 1.1
branch:
locks: strict
access list:
symbolic names:
keyword substitution: kv
total revisions: 1;	selected revisions: 1
description:
----------------------------
revision 1.1
date: 2002-10-30 22:21:02 -0600;  author: alexmoffat;  state: Exp;
Initial checkin.
=============================================================================

RCS file: /sources/xsltxt/xsltxt/properties/log4j.properties,v
Working file: properties/log4j.properties
head: 1.6
branch:
locks: strict
access list:
symbolic names:
keyword substitution: kv
total revisions: 6;	selected revisions: 6
description:
----------------------------
revision 1.6
date: 2003-05-14 20:13:22 -0500;  author: alexmoffat;  state: Exp;  lines: +1 -1;
Bringing up to date
----------------------------
revision 1.5
date: 2002-10-30 22:21:39 -0600;  author: alexmoffat;  state: Exp;  lines: +14 -14;
Set logging level to warn so that the binary distribution is quieter.
----------------------------
revision 1.4
date: 2002-08-04 16:53:10 -0500;  author: alexmoffat;  state: Exp;  lines: +1 -0;
Added control for the Text element debug statements.
----------------------------
revision 1.3
date: 2002-02-26 22:41:31 -0600;  author: alexmoffat;  state: Exp;  lines: +1 -0;
Added debug for examples.Styler.
----------------------------
revision 1.2
date: 2002-02-24 08:20:44 -0600;  author: alexmoffat;  state: Exp;  lines: +35 -35;
Changed package names.
----------------------------
revision 1.1
date: 2002-02-22 20:44:32 -0600;  author: alexmoffat;  state: Exp;
Initial checkin to savannah
=============================================================================

RCS file: /sources/xsltxt/xsltxt/src/com/zanthan/xsltxt/Apply.java,v
Working file: src/com/zanthan/xsltxt/Apply.java
head: 1.1
branch:
locks: strict
access list:
symbolic names:
keyword substitution: kv
total revisions: 1;	selected revisions: 1
description:
----------------------------
revision 1.1
date: 2002-02-22 20:20:02 -0600;  author: alexmoffat;  state: Exp;
Initial checkin to savannah
=============================================================================

RCS file: /sources/xsltxt/xsltxt/src/com/zanthan/xsltxt/ApplyImports.java,v
Working file: src/com/zanthan/xsltxt/ApplyImports.java
head: 1.1
branch:
locks: strict
access list:
symbolic names:
keyword substitution: kv
total revisions: 1;	selected revisions: 1
description:
----------------------------
revision 1.1
date: 2002-02-22 20:20:02 -0600;  author: alexmoffat;  state: Exp;
Initial checkin to savannah
=============================================================================

RCS file: /sources/xsltxt/xsltxt/src/com/zanthan/xsltxt/Attribute.java,v
Working file: src/com/zanthan/xsltxt/Attribute.java
head: 1.2
branch:
locks: strict
access list:
symbolic names:
keyword substitution: kv
total revisions: 2;	selected revisions: 2
description:
----------------------------
revision 1.2
date: 2002-02-25 22:04:59 -0600;  author: alexmoffat;  state: Exp;  lines: +4 -0;
Added example code to description.
----------------------------
revision 1.1
date: 2002-02-22 20:20:02 -0600;  author: alexmoffat;  state: Exp;
Initial checkin to savannah
=============================================================================

RCS file: /sources/xsltxt/xsltxt/src/com/zanthan/xsltxt/AttributeSet.java,v
Working file: src/com/zanthan/xsltxt/AttributeSet.java
head: 1.2
branch:
locks: strict
access list:
symbolic names:
keyword substitution: kv
total revisions: 2;	selected revisions: 2
description:
----------------------------
revision 1.2
date: 2002-02-25 22:05:20 -0600;  author: alexmoffat;  state: Exp;  lines: +0 -1;
Removed unwanted commented out code.
----------------------------
revision 1.1
date: 2002-02-22 20:20:02 -0600;  author: alexmoffat;  state: Exp;
Initial checkin to savannah
=============================================================================

RCS file: /sources/xsltxt/xsltxt/src/com/zanthan/xsltxt/BasicResolver.java,v
Working file: src/com/zanthan/xsltxt/BasicResolver.java
head: 1.2
branch:
locks: strict
access list:
symbolic names:
keyword substitution: kv
total revisions: 2;	selected revisions: 2
description:
----------------------------
revision 1.2
date: 2002-02-24 08:20:28 -0600;  author: alexmoffat;  state: Exp;  lines: +8 -0;
Workaround for xerces bug.
----------------------------
revision 1.1
date: 2002-02-22 20:20:02 -0600;  author: alexmoffat;  state: Exp;
Initial checkin to savannah
=============================================================================

RCS file: /sources/xsltxt/xsltxt/src/com/zanthan/xsltxt/BasicResolverTwo.java,v
Working file: src/com/zanthan/xsltxt/BasicResolverTwo.java
head: 1.1
branch:
locks: strict
access list:
symbolic names:
keyword substitution: kv
total revisions: 1;	selected revisions: 1
description:
----------------------------
revision 1.1
date: 2002-02-22 20:20:02 -0600;  author: alexmoffat;  state: Exp;
Initial checkin to savannah
=============================================================================

RCS file: /sources/xsltxt/xsltxt/src/com/zanthan/xsltxt/Call.java,v
Working file: src/com/zanthan/xsltxt/Call.java
head: 1.1
branch:
locks: strict
access list:
symbolic names:
keyword substitution: kv
total revisions: 1;	selected revisions: 1
description:
----------------------------
revision 1.1
date: 2002-02-22 20:20:02 -0600;  author: alexmoffat;  state: Exp;
Initial checkin to savannah
=============================================================================

RCS file: /sources/xsltxt/xsltxt/src/com/zanthan/xsltxt/Choose.java,v
Working file: src/com/zanthan/xsltxt/Choose.java
head: 1.1
branch:
locks: strict
access list:
symbolic names:
keyword substitution: kv
total revisions: 1;	selected revisions: 1
description:
----------------------------
revision 1.1
date: 2002-02-22 20:20:02 -0600;  author: alexmoffat;  state: Exp;
Initial checkin to savannah
=============================================================================

RCS file: /sources/xsltxt/xsltxt/src/com/zanthan/xsltxt/Comment.java,v
Working file: src/com/zanthan/xsltxt/Comment.java
head: 1.1
branch:
locks: strict
access list:
symbolic names:
keyword substitution: kv
total revisions: 1;	selected revisions: 1
description:
----------------------------
revision 1.1
date: 2002-02-22 20:20:02 -0600;  author: alexmoffat;  state: Exp;
Initial checkin to savannah
=============================================================================

RCS file: /sources/xsltxt/xsltxt/src/com/zanthan/xsltxt/CommentToken.java,v
Working file: src/com/zanthan/xsltxt/CommentToken.java
head: 1.1
branch:
locks: strict
access list:
symbolic names:
keyword substitution: kv
total revisions: 1;	selected revisions: 1
description:
----------------------------
revision 1.1
date: 2002-02-22 20:20:02 -0600;  author: alexmoffat;  state: Exp;
Initial checkin to savannah
=============================================================================

RCS file: /sources/xsltxt/xsltxt/src/com/zanthan/xsltxt/Copy.java,v
Working file: src/com/zanthan/xsltxt/Copy.java
head: 1.1
branch:
locks: strict
access list:
symbolic names:
keyword substitution: kv
total revisions: 1;	selected revisions: 1
description:
----------------------------
revision 1.1
date: 2002-02-22 20:20:02 -0600;  author: alexmoffat;  state: Exp;
Initial checkin to savannah
=============================================================================

RCS file: /sources/xsltxt/xsltxt/src/com/zanthan/xsltxt/CopyOf.java,v
Working file: src/com/zanthan/xsltxt/CopyOf.java
head: 1.2
branch:
locks: strict
access list:
symbolic names:
keyword substitution: kv
total revisions: 2;	selected revisions: 2
description:
----------------------------
revision 1.2
date: 2002-02-25 22:05:30 -0600;  author: alexmoffat;  state: Exp;  lines: +8 -0;
Added example code to description.
----------------------------
revision 1.1
date: 2002-02-22 20:20:02 -0600;  author: alexmoffat;  state: Exp;
Initial checkin to savannah
=============================================================================

RCS file: /sources/xsltxt/xsltxt/src/com/zanthan/xsltxt/DecimalFormat.java,v
Working file: src/com/zanthan/xsltxt/DecimalFormat.java
head: 1.1
branch:
locks: strict
access list:
symbolic names:
keyword substitution: kv
total revisions: 1;	selected revisions: 1
description:
----------------------------
revision 1.1
date: 2002-02-22 20:20:02 -0600;  author: alexmoffat;  state: Exp;
Initial checkin to savannah
=============================================================================

RCS file: /sources/xsltxt/xsltxt/src/com/zanthan/xsltxt/Element.java,v
Working file: src/com/zanthan/xsltxt/Element.java
head: 1.1
branch:
locks: strict
access list:
symbolic names:
keyword substitution: kv
total revisions: 1;	selected revisions: 1
description:
----------------------------
revision 1.1
date: 2002-02-22 20:20:02 -0600;  author: alexmoffat;  state: Exp;
Initial checkin to savannah
=============================================================================

RCS file: /sources/xsltxt/xsltxt/src/com/zanthan/xsltxt/ElementToken.java,v
Working file: src/com/zanthan/xsltxt/ElementToken.java
head: 1.1
branch:
locks: strict
access list:
symbolic names:
keyword substitution: kv
total revisions: 1;	selected revisions: 1
description:
----------------------------
revision 1.1
date: 2002-02-22 20:20:02 -0600;  author: alexmoffat;  state: Exp;
Initial checkin to savannah
=============================================================================

RCS file: /sources/xsltxt/xsltxt/src/com/zanthan/xsltxt/Fallback.java,v
Working file: src/com/zanthan/xsltxt/Fallback.java
head: 1.1
branch:
locks: strict
access list:
symbolic names:
keyword substitution: kv
total revisions: 1;	selected revisions: 1
description:
----------------------------
revision 1.1
date: 2002-02-22 20:20:02 -0600;  author: alexmoffat;  state: Exp;
Initial checkin to savannah
=============================================================================

RCS file: /sources/xsltxt/xsltxt/src/com/zanthan/xsltxt/ForEach.java,v
Working file: src/com/zanthan/xsltxt/ForEach.java
head: 1.1
branch:
locks: strict
access list:
symbolic names:
keyword substitution: kv
total revisions: 1;	selected revisions: 1
description:
----------------------------
revision 1.1
date: 2002-02-22 20:20:02 -0600;  author: alexmoffat;  state: Exp;
Initial checkin to savannah
=============================================================================

RCS file: /sources/xsltxt/xsltxt/src/com/zanthan/xsltxt/HrefStatement.java,v
Working file: src/com/zanthan/xsltxt/HrefStatement.java
head: 1.1
branch:
locks: strict
access list:
symbolic names:
keyword substitution: kv
total revisions: 1;	selected revisions: 1
description:
----------------------------
revision 1.1
date: 2002-02-22 20:20:02 -0600;  author: alexmoffat;  state: Exp;
Initial checkin to savannah
=============================================================================

RCS file: /sources/xsltxt/xsltxt/src/com/zanthan/xsltxt/IfStatement.java,v
Working file: src/com/zanthan/xsltxt/IfStatement.java
head: 1.1
branch:
locks: strict
access list:
symbolic names:
keyword substitution: kv
total revisions: 1;	selected revisions: 1
description:
----------------------------
revision 1.1
date: 2002-02-22 20:20:02 -0600;  author: alexmoffat;  state: Exp;
Initial checkin to savannah
=============================================================================

RCS file: /sources/xsltxt/xsltxt/src/com/zanthan/xsltxt/ImportStatement.java,v
Working file: src/com/zanthan/xsltxt/ImportStatement.java
head: 1.1
branch:
locks: strict
access list:
symbolic names:
keyword substitution: kv
total revisions: 1;	selected revisions: 1
description:
----------------------------
revision 1.1
date: 2002-02-22 20:20:02 -0600;  author: alexmoffat;  state: Exp;
Initial checkin to savannah
=============================================================================

RCS file: /sources/xsltxt/xsltxt/src/com/zanthan/xsltxt/Include.java,v
Working file: src/com/zanthan/xsltxt/Include.java
head: 1.1
branch:
locks: strict
access list:
symbolic names:
keyword substitution: kv
total revisions: 1;	selected revisions: 1
description:
----------------------------
revision 1.1
date: 2002-02-22 20:20:02 -0600;  author: alexmoffat;  state: Exp;
Initial checkin to savannah
=============================================================================

RCS file: /sources/xsltxt/xsltxt/src/com/zanthan/xsltxt/Key.java,v
Working file: src/com/zanthan/xsltxt/Key.java
head: 1.1
branch:
locks: strict
access list:
symbolic names:
keyword substitution: kv
total revisions: 1;	selected revisions: 1
description:
----------------------------
revision 1.1
date: 2002-02-22 20:20:02 -0600;  author: alexmoffat;  state: Exp;
Initial checkin to savannah
=============================================================================

RCS file: /sources/xsltxt/xsltxt/src/com/zanthan/xsltxt/Lexer.java,v
Working file: src/com/zanthan/xsltxt/Lexer.java
head: 1.4
branch:
locks: strict
access list:
symbolic names:
keyword substitution: kv
total revisions: 4;	selected revisions: 4
description:
----------------------------
revision 1.4
date: 2003-05-14 20:13:22 -0500;  author: alexmoffat;  state: Exp;  lines: +64 -23;
Bringing up to date
----------------------------
revision 1.3
date: 2002-08-04 21:17:05 -0500;  author: alexmoffat;  state: Exp;  lines: +5 -0;
Allow double slash in quoted strings
----------------------------
revision 1.2
date: 2002-03-01 20:58:25 -0600;  author: alexmoffat;  state: Exp;  lines: +1 -0;
Added examples.
----------------------------
revision 1.1
date: 2002-02-22 20:20:02 -0600;  author: alexmoffat;  state: Exp;
Initial checkin to savannah
=============================================================================

RCS file: /sources/xsltxt/xsltxt/src/com/zanthan/xsltxt/Message.java,v
Working file: src/com/zanthan/xsltxt/Message.java
head: 1.1
branch:
locks: strict
access list:
symbolic names:
keyword substitution: kv
total revisions: 1;	selected revisions: 1
description:
----------------------------
revision 1.1
date: 2002-02-22 20:20:02 -0600;  author: alexmoffat;  state: Exp;
Initial checkin to savannah
=============================================================================

RCS file: /sources/xsltxt/xsltxt/src/com/zanthan/xsltxt/Namespace.java,v
Working file: src/com/zanthan/xsltxt/Namespace.java
head: 1.3
branch:
locks: strict
access list:
symbolic names:
keyword substitution: kv
total revisions: 3;	selected revisions: 3
description:
----------------------------
revision 1.3
date: 2002-10-30 22:22:59 -0600;  author: alexmoffat;  state: Exp;  lines: +1 -0;
Record location information so that SyntaxExceptions are more helpful.
----------------------------
revision 1.2
date: 2002-08-08 21:12:19 -0500;  author: alexmoffat;  state: Exp;  lines: +7 -6;
Handle output in text format correctly.
----------------------------
revision 1.1
date: 2002-02-22 20:20:02 -0600;  author: alexmoffat;  state: Exp;
Initial checkin to savannah
=============================================================================

RCS file: /sources/xsltxt/xsltxt/src/com/zanthan/xsltxt/NamespaceAlias.java,v
Working file: src/com/zanthan/xsltxt/NamespaceAlias.java
head: 1.1
branch:
locks: strict
access list:
symbolic names:
keyword substitution: kv
total revisions: 1;	selected revisions: 1
description:
----------------------------
revision 1.1
date: 2002-02-22 20:20:02 -0600;  author: alexmoffat;  state: Exp;
Initial checkin to savannah
=============================================================================

RCS file: /sources/xsltxt/xsltxt/src/com/zanthan/xsltxt/NamespaceTracker.java,v
Working file: src/com/zanthan/xsltxt/NamespaceTracker.java
head: 1.1
branch:
locks: strict
access list:
symbolic names:
keyword substitution: kv
total revisions: 1;	selected revisions: 1
description:
----------------------------
revision 1.1
date: 2002-02-22 20:20:02 -0600;  author: alexmoffat;  state: Exp;
Initial checkin to savannah
=============================================================================

RCS file: /sources/xsltxt/xsltxt/src/com/zanthan/xsltxt/Number.java,v
Working file: src/com/zanthan/xsltxt/Number.java
head: 1.1
branch:
locks: strict
access list:
symbolic names:
keyword substitution: kv
total revisions: 1;	selected revisions: 1
description:
----------------------------
revision 1.1
date: 2002-02-22 20:20:02 -0600;  author: alexmoffat;  state: Exp;
Initial checkin to savannah
=============================================================================

RCS file: /sources/xsltxt/xsltxt/src/com/zanthan/xsltxt/Otherwise.java,v
Working file: src/com/zanthan/xsltxt/Otherwise.java
head: 1.1
branch:
locks: strict
access list:
symbolic names:
keyword substitution: kv
total revisions: 1;	selected revisions: 1
description:
----------------------------
revision 1.1
date: 2002-02-22 20:20:02 -0600;  author: alexmoffat;  state: Exp;
Initial checkin to savannah
=============================================================================

RCS file: /sources/xsltxt/xsltxt/src/com/zanthan/xsltxt/Output.java,v
Working file: src/com/zanthan/xsltxt/Output.java
head: 1.1
branch:
locks: strict
access list:
symbolic names:
keyword substitution: kv
total revisions: 1;	selected revisions: 1
description:
----------------------------
revision 1.1
date: 2002-02-22 20:20:02 -0600;  author: alexmoffat;  state: Exp;
Initial checkin to savannah
=============================================================================

RCS file: /sources/xsltxt/xsltxt/src/com/zanthan/xsltxt/Outputter.java,v
Working file: src/com/zanthan/xsltxt/Outputter.java
head: 1.2
branch:
locks: strict
access list:
symbolic names:
keyword substitution: kv
total revisions: 2;	selected revisions: 2
description:
----------------------------
revision 1.2
date: 2002-04-07 20:07:48 -0500;  author: alexmoffat;  state: Exp;  lines: +11 -4;
Slight changes to doc.
----------------------------
revision 1.1
date: 2002-02-22 20:20:02 -0600;  author: alexmoffat;  state: Exp;
Initial checkin to savannah
=============================================================================

RCS file: /sources/xsltxt/xsltxt/src/com/zanthan/xsltxt/Param.java,v
Working file: src/com/zanthan/xsltxt/Param.java
head: 1.4
branch:
locks: strict
access list:
symbolic names:
keyword substitution: kv
total revisions: 4;	selected revisions: 4
description:
----------------------------
revision 1.4
date: 2002-10-30 22:23:20 -0600;  author: alexmoffat;  state: Exp;  lines: +2 -1;
Record location information so that SyntaxExceptions are more helpful.
----------------------------
revision 1.3
date: 2002-03-01 20:58:25 -0600;  author: alexmoffat;  state: Exp;  lines: +10 -1;
Added examples.
----------------------------
revision 1.2
date: 2002-02-27 21:55:07 -0600;  author: alexmoffat;  state: Exp;  lines: +18 -5;
Support two different separators in "short format" params. : means
following string is select, % means following string is a text
element.
----------------------------
revision 1.1
date: 2002-02-22 20:20:02 -0600;  author: alexmoffat;  state: Exp;
Initial checkin to savannah
=============================================================================

RCS file: /sources/xsltxt/xsltxt/src/com/zanthan/xsltxt/Preserve.java,v
Working file: src/com/zanthan/xsltxt/Preserve.java
head: 1.1
branch:
locks: strict
access list:
symbolic names:
keyword substitution: kv
total revisions: 1;	selected revisions: 1
description:
----------------------------
revision 1.1
date: 2002-02-22 20:20:02 -0600;  author: alexmoffat;  state: Exp;
Initial checkin to savannah
=============================================================================

RCS file: /sources/xsltxt/xsltxt/src/com/zanthan/xsltxt/ProcessingInstruction.java,v
Working file: src/com/zanthan/xsltxt/ProcessingInstruction.java
head: 1.1
branch:
locks: strict
access list:
symbolic names:
keyword substitution: kv
total revisions: 1;	selected revisions: 1
description:
----------------------------
revision 1.1
date: 2002-02-22 20:20:02 -0600;  author: alexmoffat;  state: Exp;
Initial checkin to savannah
=============================================================================

RCS file: /sources/xsltxt/xsltxt/src/com/zanthan/xsltxt/QuotedToken.java,v
Working file: src/com/zanthan/xsltxt/QuotedToken.java
head: 1.1
branch:
locks: strict
access list:
symbolic names:
keyword substitution: kv
total revisions: 1;	selected revisions: 1
description:
----------------------------
revision 1.1
date: 2002-02-22 20:20:02 -0600;  author: alexmoffat;  state: Exp;
Initial checkin to savannah
=============================================================================

RCS file: /sources/xsltxt/xsltxt/src/com/zanthan/xsltxt/SimpleToken.java,v
Working file: src/com/zanthan/xsltxt/SimpleToken.java
head: 1.1
branch:
locks: strict
access list:
symbolic names:
keyword substitution: kv
total revisions: 1;	selected revisions: 1
description:
----------------------------
revision 1.1
date: 2002-02-22 20:20:02 -0600;  author: alexmoffat;  state: Exp;
Initial checkin to savannah
=============================================================================

RCS file: /sources/xsltxt/xsltxt/src/com/zanthan/xsltxt/Sort.java,v
Working file: src/com/zanthan/xsltxt/Sort.java
head: 1.1
branch:
locks: strict
access list:
symbolic names:
keyword substitution: kv
total revisions: 1;	selected revisions: 1
description:
----------------------------
revision 1.1
date: 2002-02-22 20:20:02 -0600;  author: alexmoffat;  state: Exp;
Initial checkin to savannah
=============================================================================

RCS file: /sources/xsltxt/xsltxt/src/com/zanthan/xsltxt/Statement.java,v
Working file: src/com/zanthan/xsltxt/Statement.java
head: 1.7
branch:
locks: strict
access list:
symbolic names:
keyword substitution: kv
total revisions: 7;	selected revisions: 7
description:
----------------------------
revision 1.7
date: 2003-05-14 20:13:22 -0500;  author: alexmoffat;  state: Exp;  lines: +2 -2;
Bringing up to date
----------------------------
revision 1.6
date: 2002-11-01 17:58:54 -0600;  author: alexmoffat;  state: Exp;  lines: +4 -1;
Added location information to exception .
----------------------------
revision 1.5
date: 2002-08-13 21:04:39 -0500;  author: alexmoffat;  state: Exp;  lines: +2 -0;
Upgrading to jdom version b8 so need to handle org.jdom.Text correctly.
----------------------------
revision 1.4
date: 2002-08-07 19:11:21 -0500;  author: alexmoffat;  state: Exp;  lines: +36 -0;
Added doubleSlash method to escape \ characters.
----------------------------
revision 1.3
date: 2002-08-04 16:55:04 -0500;  author: alexmoffat;  state: Exp;  lines: +70 -8;
Added es method to replace <, >, ", ', and & with appropriate entities.
----------------------------
revision 1.2
date: 2002-05-15 22:16:14 -0500;  author: alexmoffat;  state: Exp;  lines: +3 -3;
Changed JavaDoc comments.
----------------------------
revision 1.1
date: 2002-02-22 20:20:02 -0600;  author: alexmoffat;  state: Exp;
Initial checkin to savannah
=============================================================================

RCS file: /sources/xsltxt/xsltxt/src/com/zanthan/xsltxt/StatementDescriptor.java,v
Working file: src/com/zanthan/xsltxt/StatementDescriptor.java
head: 1.1
branch:
locks: strict
access list:
symbolic names:
keyword substitution: kv
total revisions: 1;	selected revisions: 1
description:
----------------------------
revision 1.1
date: 2002-02-22 20:20:02 -0600;  author: alexmoffat;  state: Exp;
Initial checkin to savannah
=============================================================================

RCS file: /sources/xsltxt/xsltxt/src/com/zanthan/xsltxt/StatementFactory.java,v
Working file: src/com/zanthan/xsltxt/StatementFactory.java
head: 1.4
branch:
locks: strict
access list:
symbolic names:
keyword substitution: kv
total revisions: 4;	selected revisions: 4
description:
----------------------------
revision 1.4
date: 2003-05-14 20:13:22 -0500;  author: alexmoffat;  state: Exp;  lines: +10 -0;
Bringing up to date
----------------------------
revision 1.3
date: 2002-05-15 22:16:28 -0500;  author: alexmoffat;  state: Exp;  lines: +46 -10;
Added and changed JavaDoc comments.
----------------------------
revision 1.2
date: 2002-04-07 20:08:05 -0500;  author: alexmoffat;  state: Exp;  lines: +5 -2;
Slight changes to doc.
----------------------------
revision 1.1
date: 2002-02-22 20:20:02 -0600;  author: alexmoffat;  state: Exp;
Initial checkin to savannah
=============================================================================

RCS file: /sources/xsltxt/xsltxt/src/com/zanthan/xsltxt/StatementWithContent.java,v
Working file: src/com/zanthan/xsltxt/StatementWithContent.java
head: 1.1
branch:
locks: strict
access list:
symbolic names:
keyword substitution: kv
total revisions: 1;	selected revisions: 1
description:
----------------------------
revision 1.1
date: 2002-02-22 20:20:02 -0600;  author: alexmoffat;  state: Exp;
Initial checkin to savannah
=============================================================================

RCS file: /sources/xsltxt/xsltxt/src/com/zanthan/xsltxt/StatementWithParams.java,v
Working file: src/com/zanthan/xsltxt/StatementWithParams.java
head: 1.1
branch:
locks: strict
access list:
symbolic names:
keyword substitution: kv
total revisions: 1;	selected revisions: 1
description:
----------------------------
revision 1.1
date: 2002-02-22 20:20:02 -0600;  author: alexmoffat;  state: Exp;
Initial checkin to savannah
=============================================================================

RCS file: /sources/xsltxt/xsltxt/src/com/zanthan/xsltxt/StringStatement.java,v
Working file: src/com/zanthan/xsltxt/StringStatement.java
head: 1.4
branch:
locks: strict
access list:
symbolic names:
keyword substitution: kv
total revisions: 4;	selected revisions: 4
description:
----------------------------
revision 1.4
date: 2002-10-30 22:23:30 -0600;  author: alexmoffat;  state: Exp;  lines: +1 -1;
Record location information so that SyntaxExceptions are more helpful.
----------------------------
revision 1.3
date: 2002-08-07 19:11:49 -0500;  author: alexmoffat;  state: Exp;  lines: +2 -2;
Call doubleSlash method to escape \ characters.
----------------------------
revision 1.2
date: 2002-08-04 16:56:11 -0500;  author: alexmoffat;  state: Exp;  lines: +8 -3;
Call es method to convert "forbidden characters" to entity references.
----------------------------
revision 1.1
date: 2002-02-22 20:20:02 -0600;  author: alexmoffat;  state: Exp;
Initial checkin to savannah
=============================================================================

RCS file: /sources/xsltxt/xsltxt/src/com/zanthan/xsltxt/Strip.java,v
Working file: src/com/zanthan/xsltxt/Strip.java
head: 1.1
branch:
locks: strict
access list:
symbolic names:
keyword substitution: kv
total revisions: 1;	selected revisions: 1
description:
----------------------------
revision 1.1
date: 2002-02-22 20:20:02 -0600;  author: alexmoffat;  state: Exp;
Initial checkin to savannah
=============================================================================

RCS file: /sources/xsltxt/xsltxt/src/com/zanthan/xsltxt/Stylesheet.java,v
Working file: src/com/zanthan/xsltxt/Stylesheet.java
head: 1.2
branch:
locks: strict
access list:
symbolic names:
keyword substitution: kv
total revisions: 2;	selected revisions: 2
description:
----------------------------
revision 1.2
date: 2002-08-13 21:06:15 -0500;  author: alexmoffat;  state: Exp;  lines: +12 -4;
Don't write out the xmlns:xsl stuff twice.
----------------------------
revision 1.1
date: 2002-02-22 20:20:02 -0600;  author: alexmoffat;  state: Exp;
Initial checkin to savannah
=============================================================================

RCS file: /sources/xsltxt/xsltxt/src/com/zanthan/xsltxt/TXTReader.java,v
Working file: src/com/zanthan/xsltxt/TXTReader.java
head: 1.1
branch:
locks: strict
access list:
symbolic names:
keyword substitution: kv
total revisions: 1;	selected revisions: 1
description:
----------------------------
revision 1.1
date: 2002-02-22 20:20:02 -0600;  author: alexmoffat;  state: Exp;
Initial checkin to savannah
=============================================================================

RCS file: /sources/xsltxt/xsltxt/src/com/zanthan/xsltxt/TXTReaderTwo.java,v
Working file: src/com/zanthan/xsltxt/TXTReaderTwo.java
head: 1.2
branch:
locks: strict
access list:
symbolic names:
keyword substitution: kv
total revisions: 2;	selected revisions: 2
description:
----------------------------
revision 1.2
date: 2002-11-03 15:40:09 -0600;  author: alexmoffat;  state: Exp;  lines: +3 -8;
Handle Sources that have byte streams instead of character streams.
----------------------------
revision 1.1
date: 2002-02-22 20:20:02 -0600;  author: alexmoffat;  state: Exp;
Initial checkin to savannah
=============================================================================

RCS file: /sources/xsltxt/xsltxt/src/com/zanthan/xsltxt/Template.java,v
Working file: src/com/zanthan/xsltxt/Template.java
head: 1.1
branch:
locks: strict
access list:
symbolic names:
keyword substitution: kv
total revisions: 1;	selected revisions: 1
description:
----------------------------
revision 1.1
date: 2002-02-22 20:20:02 -0600;  author: alexmoffat;  state: Exp;
Initial checkin to savannah
=============================================================================

RCS file: /sources/xsltxt/xsltxt/src/com/zanthan/xsltxt/TestDriver.java,v
Working file: src/com/zanthan/xsltxt/TestDriver.java
head: 1.1
branch:
locks: strict
access list:
symbolic names:
keyword substitution: kv
total revisions: 1;	selected revisions: 1
description:
----------------------------
revision 1.1
date: 2002-02-22 20:20:02 -0600;  author: alexmoffat;  state: Exp;
Initial checkin to savannah
=============================================================================

RCS file: /sources/xsltxt/xsltxt/src/com/zanthan/xsltxt/TestLexer.java,v
Working file: src/com/zanthan/xsltxt/TestLexer.java
head: 1.1
branch:
locks: strict
access list:
symbolic names:
keyword substitution: kv
total revisions: 1;	selected revisions: 1
description:
----------------------------
revision 1.1
date: 2002-02-22 20:20:02 -0600;  author: alexmoffat;  state: Exp;
Initial checkin to savannah
=============================================================================

RCS file: /sources/xsltxt/xsltxt/src/com/zanthan/xsltxt/TestTXTReader.java,v
Working file: src/com/zanthan/xsltxt/TestTXTReader.java
head: 1.1
branch:
locks: strict
access list:
symbolic names:
keyword substitution: kv
total revisions: 1;	selected revisions: 1
description:
----------------------------
revision 1.1
date: 2002-02-22 20:20:02 -0600;  author: alexmoffat;  state: Exp;
Initial checkin to savannah
=============================================================================

RCS file: /sources/xsltxt/xsltxt/src/com/zanthan/xsltxt/TestTXTReaderTwo.java,v
Working file: src/com/zanthan/xsltxt/TestTXTReaderTwo.java
head: 1.1
branch:
locks: strict
access list:
symbolic names:
keyword substitution: kv
total revisions: 1;	selected revisions: 1
description:
----------------------------
revision 1.1
date: 2002-02-22 20:20:02 -0600;  author: alexmoffat;  state: Exp;
Initial checkin to savannah
=============================================================================

RCS file: /sources/xsltxt/xsltxt/src/com/zanthan/xsltxt/TestXSLConverter.java,v
Working file: src/com/zanthan/xsltxt/TestXSLConverter.java
head: 1.1
branch:
locks: strict
access list:
symbolic names:
keyword substitution: kv
total revisions: 1;	selected revisions: 1
description:
----------------------------
revision 1.1
date: 2002-02-22 20:20:02 -0600;  author: alexmoffat;  state: Exp;
Initial checkin to savannah
=============================================================================

RCS file: /sources/xsltxt/xsltxt/src/com/zanthan/xsltxt/Text.java,v
Working file: src/com/zanthan/xsltxt/Text.java
head: 1.3
branch:
locks: strict
access list:
symbolic names:
keyword substitution: kv
total revisions: 3;	selected revisions: 3
description:
----------------------------
revision 1.3
date: 2002-08-07 19:11:49 -0500;  author: alexmoffat;  state: Exp;  lines: +1 -1;
Call doubleSlash method to escape \ characters.
----------------------------
revision 1.2
date: 2002-08-04 16:56:30 -0500;  author: alexmoffat;  state: Exp;  lines: +6 -2;
Call es method to convert "forbidden characters" to entity references.
----------------------------
revision 1.1
date: 2002-02-22 20:20:02 -0600;  author: alexmoffat;  state: Exp;
Initial checkin to savannah
=============================================================================

RCS file: /sources/xsltxt/xsltxt/src/com/zanthan/xsltxt/Token.java,v
Working file: src/com/zanthan/xsltxt/Token.java
head: 1.3
branch:
locks: strict
access list:
symbolic names:
keyword substitution: kv
total revisions: 3;	selected revisions: 3
description:
----------------------------
revision 1.3
date: 2003-05-14 20:13:22 -0500;  author: alexmoffat;  state: Exp;  lines: +4 -0;
Bringing up to date
----------------------------
revision 1.2
date: 2002-10-30 22:23:39 -0600;  author: alexmoffat;  state: Exp;  lines: +2 -2;
Record location information so that SyntaxExceptions are more helpful.
----------------------------
revision 1.1
date: 2002-02-22 20:20:02 -0600;  author: alexmoffat;  state: Exp;
Initial checkin to savannah
=============================================================================

RCS file: /sources/xsltxt/xsltxt/src/com/zanthan/xsltxt/ValueOf.java,v
Working file: src/com/zanthan/xsltxt/ValueOf.java
head: 1.1
branch:
locks: strict
access list:
symbolic names:
keyword substitution: kv
total revisions: 1;	selected revisions: 1
description:
----------------------------
revision 1.1
date: 2002-02-22 20:20:02 -0600;  author: alexmoffat;  state: Exp;
Initial checkin to savannah
=============================================================================

RCS file: /sources/xsltxt/xsltxt/src/com/zanthan/xsltxt/Variable.java,v
Working file: src/com/zanthan/xsltxt/Variable.java
head: 1.1
branch:
locks: strict
access list:
symbolic names:
keyword substitution: kv
total revisions: 1;	selected revisions: 1
description:
----------------------------
revision 1.1
date: 2002-02-22 20:20:02 -0600;  author: alexmoffat;  state: Exp;
Initial checkin to savannah
=============================================================================

RCS file: /sources/xsltxt/xsltxt/src/com/zanthan/xsltxt/When.java,v
Working file: src/com/zanthan/xsltxt/When.java
head: 1.1
branch:
locks: strict
access list:
symbolic names:
keyword substitution: kv
total revisions: 1;	selected revisions: 1
description:
----------------------------
revision 1.1
date: 2002-02-22 20:20:02 -0600;  author: alexmoffat;  state: Exp;
Initial checkin to savannah
=============================================================================

RCS file: /sources/xsltxt/xsltxt/src/com/zanthan/xsltxt/XMLComment.java,v
Working file: src/com/zanthan/xsltxt/XMLComment.java
head: 1.1
branch:
locks: strict
access list:
symbolic names:
keyword substitution: kv
total revisions: 1;	selected revisions: 1
description:
----------------------------
revision 1.1
date: 2002-02-22 20:20:02 -0600;  author: alexmoffat;  state: Exp;
Initial checkin to savannah
=============================================================================

RCS file: /sources/xsltxt/xsltxt/src/com/zanthan/xsltxt/XMLStatement.java,v
Working file: src/com/zanthan/xsltxt/XMLStatement.java
head: 1.2
branch:
locks: strict
access list:
symbolic names:
keyword substitution: kv
total revisions: 2;	selected revisions: 2
description:
----------------------------
revision 1.2
date: 2002-08-08 21:13:08 -0500;  author: alexmoffat;  state: Exp;  lines: +3 -2;
Don't record a change in namespace if there is no namespace, which
will happen when converting from txt format.
----------------------------
revision 1.1
date: 2002-02-22 20:20:02 -0600;  author: alexmoffat;  state: Exp;
Initial checkin to savannah
=============================================================================

RCS file: /sources/xsltxt/xsltxt/src/com/zanthan/xsltxt/ant/XSLTXTLiaison.java,v
Working file: src/com/zanthan/xsltxt/ant/XSLTXTLiaison.java
head: 1.1
branch:
locks: strict
access list:
symbolic names:
keyword substitution: kv
total revisions: 1;	selected revisions: 1
description:
----------------------------
revision 1.1
date: 2002-11-02 21:34:19 -0600;  author: alexmoffat;  state: Exp;
Initial checkin.
=============================================================================

RCS file: /sources/xsltxt/xsltxt/src/com/zanthan/xsltxt/ant/XSLTXTProcess.java,v
Working file: src/com/zanthan/xsltxt/ant/XSLTXTProcess.java
head: 1.1
branch:
locks: strict
access list:
symbolic names:
keyword substitution: kv
total revisions: 1;	selected revisions: 1
description:
----------------------------
revision 1.1
date: 2002-11-02 21:34:19 -0600;  author: alexmoffat;  state: Exp;
Initial checkin.
=============================================================================

RCS file: /sources/xsltxt/xsltxt/src/com/zanthan/xsltxt/examples/StatementDescriptions.java,v
Working file: src/com/zanthan/xsltxt/examples/StatementDescriptions.java
head: 1.1
branch:
locks: strict
access list:
symbolic names:
keyword substitution: kv
total revisions: 1;	selected revisions: 1
description:
----------------------------
revision 1.1
date: 2002-02-22 20:18:18 -0600;  author: alexmoffat;  state: Exp;
Initial checkin to savannah
=============================================================================

RCS file: /sources/xsltxt/xsltxt/src/com/zanthan/xsltxt/examples/Styler.java,v
Working file: src/com/zanthan/xsltxt/examples/Styler.java
head: 1.4
branch:
locks: strict
access list:
symbolic names:
keyword substitution: kv
total revisions: 4;	selected revisions: 4
description:
----------------------------
revision 1.4
date: 2003-05-14 20:13:22 -0500;  author: alexmoffat;  state: Exp;  lines: +86 -1;
Bringing up to date
----------------------------
revision 1.3
date: 2002-11-06 16:11:50 -0600;  author: alexmoffat;  state: Exp;  lines: +23 -13;
Now possible to pass parameters to a transformation.
----------------------------
revision 1.2
date: 2002-02-26 22:42:11 -0600;  author: alexmoffat;  state: Exp;  lines: +3 -11;
Use XMLReaderFactory. Now works with latest xalan 2.3.1.
----------------------------
revision 1.1
date: 2002-02-22 20:18:18 -0600;  author: alexmoffat;  state: Exp;
Initial checkin to savannah
=============================================================================

RCS file: /sources/xsltxt/xsltxt/src/com/zanthan/xsltxt/examples/TXTConverter.java,v
Working file: src/com/zanthan/xsltxt/examples/TXTConverter.java
head: 1.2
branch:
locks: strict
access list:
symbolic names:
keyword substitution: kv
total revisions: 2;	selected revisions: 2
description:
----------------------------
revision 1.2
date: 2002-03-01 20:58:55 -0600;  author: alexmoffat;  state: Exp;  lines: +62 -11;
Added comments to make the code more useful as examples.
----------------------------
revision 1.1
date: 2002-02-22 20:18:18 -0600;  author: alexmoffat;  state: Exp;
Initial checkin to savannah
=============================================================================

RCS file: /sources/xsltxt/xsltxt/src/com/zanthan/xsltxt/examples/TXTStyler.java,v
Working file: src/com/zanthan/xsltxt/examples/TXTStyler.java
head: 1.4
branch:
locks: strict
access list:
symbolic names:
keyword substitution: kv
total revisions: 4;	selected revisions: 4
description:
----------------------------
revision 1.4
date: 2002-11-06 16:12:35 -0600;  author: alexmoffat;  state: Exp;  lines: +31 -4;
Accept parameters on command line and pass them to styler.
----------------------------
revision 1.3
date: 2002-03-01 20:58:55 -0600;  author: alexmoffat;  state: Exp;  lines: +24 -2;
Added comments to make the code more useful as examples.
----------------------------
revision 1.2
date: 2002-02-26 22:42:31 -0600;  author: alexmoffat;  state: Exp;  lines: +5 -0;
Added debug statement.
----------------------------
revision 1.1
date: 2002-02-22 20:18:18 -0600;  author: alexmoffat;  state: Exp;
Initial checkin to savannah
=============================================================================

RCS file: /sources/xsltxt/xsltxt/src/com/zanthan/xsltxt/examples/XSLConverter.java,v
Working file: src/com/zanthan/xsltxt/examples/XSLConverter.java
head: 1.1
branch:
locks: strict
access list:
symbolic names:
keyword substitution: kv
total revisions: 1;	selected revisions: 1
description:
----------------------------
revision 1.1
date: 2002-02-22 20:18:18 -0600;  author: alexmoffat;  state: Exp;
Initial checkin to savannah
=============================================================================

RCS file: /sources/xsltxt/xsltxt/src/com/zanthan/xsltxt/examples/XSLStyler.java,v
Working file: src/com/zanthan/xsltxt/examples/XSLStyler.java
head: 1.3
branch:
locks: strict
access list:
symbolic names:
keyword substitution: kv
total revisions: 3;	selected revisions: 3
description:
----------------------------
revision 1.3
date: 2002-11-06 16:12:15 -0600;  author: alexmoffat;  state: Exp;  lines: +3 -1;
Pass empty parameters to style.
----------------------------
revision 1.2
date: 2002-02-26 22:42:49 -0600;  author: alexmoffat;  state: Exp;  lines: +5 -0;
Added debug statement.
----------------------------
revision 1.1
date: 2002-02-22 20:18:18 -0600;  author: alexmoffat;  state: Exp;
Initial checkin to savannah
=============================================================================

RCS file: /sources/xsltxt/xsltxt/src/com/zanthan/xsltxt/exception/CharNotAllowedException.java,v
Working file: src/com/zanthan/xsltxt/exception/CharNotAllowedException.java
head: 1.1
branch:
locks: strict
access list:
symbolic names:
keyword substitution: kv
total revisions: 1;	selected revisions: 1
description:
----------------------------
revision 1.1
date: 2002-02-22 20:16:47 -0600;  author: alexmoffat;  state: Exp;
Initial checkin to savannah
=============================================================================

RCS file: /sources/xsltxt/xsltxt/src/com/zanthan/xsltxt/exception/EOFException.java,v
Working file: src/com/zanthan/xsltxt/exception/EOFException.java
head: 1.1
branch:
locks: strict
access list:
symbolic names:
keyword substitution: kv
total revisions: 1;	selected revisions: 1
description:
----------------------------
revision 1.1
date: 2002-02-22 20:16:47 -0600;  author: alexmoffat;  state: Exp;
Initial checkin to savannah
=============================================================================

RCS file: /sources/xsltxt/xsltxt/src/com/zanthan/xsltxt/exception/EndOfBlockException.java,v
Working file: src/com/zanthan/xsltxt/exception/EndOfBlockException.java
head: 1.1
branch:
locks: strict
access list:
symbolic names:
keyword substitution: kv
total revisions: 1;	selected revisions: 1
description:
----------------------------
revision 1.1
date: 2002-02-22 20:16:47 -0600;  author: alexmoffat;  state: Exp;
Initial checkin to savannah
=============================================================================

RCS file: /sources/xsltxt/xsltxt/src/com/zanthan/xsltxt/exception/RequiredAttributeNotFoundException.java,v
Working file: src/com/zanthan/xsltxt/exception/RequiredAttributeNotFoundException.java
head: 1.1
branch:
locks: strict
access list:
symbolic names:
keyword substitution: kv
total revisions: 1;	selected revisions: 1
description:
----------------------------
revision 1.1
date: 2002-02-22 20:16:47 -0600;  author: alexmoffat;  state: Exp;
Initial checkin to savannah
=============================================================================

RCS file: /sources/xsltxt/xsltxt/src/com/zanthan/xsltxt/exception/StatementNotAllowedException.java,v
Working file: src/com/zanthan/xsltxt/exception/StatementNotAllowedException.java
head: 1.1
branch:
locks: strict
access list:
symbolic names:
keyword substitution: kv
total revisions: 1;	selected revisions: 1
description:
----------------------------
revision 1.1
date: 2002-02-22 20:16:47 -0600;  author: alexmoffat;  state: Exp;
Initial checkin to savannah
=============================================================================

RCS file: /sources/xsltxt/xsltxt/src/com/zanthan/xsltxt/exception/SyntaxException.java,v
Working file: src/com/zanthan/xsltxt/exception/SyntaxException.java
head: 1.2
branch:
locks: strict
access list:
symbolic names:
keyword substitution: kv
total revisions: 2;	selected revisions: 2
description:
----------------------------
revision 1.2
date: 2002-10-30 22:22:29 -0600;  author: alexmoffat;  state: Exp;  lines: +37 -4;
Record location information so that SyntaxExceptions are more helpful.
----------------------------
revision 1.1
date: 2002-02-22 20:16:47 -0600;  author: alexmoffat;  state: Exp;
Initial checkin to savannah
=============================================================================

RCS file: /sources/xsltxt/xsltxt/src/com/zanthan/xsltxt/exception/TokenNotAllowedException.java,v
Working file: src/com/zanthan/xsltxt/exception/TokenNotAllowedException.java
head: 1.1
branch:
locks: strict
access list:
symbolic names:
keyword substitution: kv
total revisions: 1;	selected revisions: 1
description:
----------------------------
revision 1.1
date: 2002-02-22 20:16:47 -0600;  author: alexmoffat;  state: Exp;
Initial checkin to savannah
=============================================================================

RCS file: /sources/xsltxt/xsltxt/stylesheets/statements.txt,v
Working file: stylesheets/statements.txt
head: 1.1
branch:
locks: strict
access list:
symbolic names:
keyword substitution: kv
total revisions: 1;	selected revisions: 1
description:
----------------------------
revision 1.1
date: 2002-02-22 20:43:00 -0600;  author: alexmoffat;  state: Exp;
Initial checkin to savannah
=============================================================================

RCS file: /sources/xsltxt/xsltxt/tests/test_01/known_good_html/Attic/rpt1.html,v
Working file: tests/test_01/known_good_html/rpt1.html
head: 1.2
branch:
locks: strict
access list:
symbolic names:
keyword substitution: kv
total revisions: 2;	selected revisions: 2
description:
----------------------------
revision 1.2
date: 2002-02-27 19:31:04 -0600;  author: alexmoffat;  state: dead;  lines: +0 -0;
Directory rename
----------------------------
revision 1.1
date: 2002-02-26 22:44:45 -0600;  author: alexmoffat;  state: Exp;
Initial checkin.
=============================================================================

RCS file: /sources/xsltxt/xsltxt/tests/test_01/known_good_html/Attic/rpt2.html,v
Working file: tests/test_01/known_good_html/rpt2.html
head: 1.2
branch:
locks: strict
access list:
symbolic names:
keyword substitution: kv
total revisions: 2;	selected revisions: 2
description:
----------------------------
revision 1.2
date: 2002-02-27 19:31:04 -0600;  author: alexmoffat;  state: dead;  lines: +0 -0;
Directory rename
----------------------------
revision 1.1
date: 2002-02-26 22:44:45 -0600;  author: alexmoffat;  state: Exp;
Initial checkin.
=============================================================================

RCS file: /sources/xsltxt/xsltxt/tests/test_01/known_good_html/Attic/rpt3.html,v
Working file: tests/test_01/known_good_html/rpt3.html
head: 1.2
branch:
locks: strict
access list:
symbolic names:
keyword substitution: kv
total revisions: 2;	selected revisions: 2
description:
----------------------------
revision 1.2
date: 2002-02-27 19:31:04 -0600;  author: alexmoffat;  state: dead;  lines: +0 -0;
Directory rename
----------------------------
revision 1.1
date: 2002-02-26 22:44:45 -0600;  author: alexmoffat;  state: Exp;
Initial checkin.
=============================================================================

RCS file: /sources/xsltxt/xsltxt/tests/test_01/known_good_results/rpt1.html,v
Working file: tests/test_01/known_good_results/rpt1.html
head: 1.1
branch:
locks: strict
access list:
symbolic names:
keyword substitution: kv
total revisions: 1;	selected revisions: 1
description:
----------------------------
revision 1.1
date: 2002-02-27 19:31:49 -0600;  author: alexmoffat;  state: Exp;
Renamed directory
=============================================================================

RCS file: /sources/xsltxt/xsltxt/tests/test_01/known_good_results/rpt2.html,v
Working file: tests/test_01/known_good_results/rpt2.html
head: 1.1
branch:
locks: strict
access list:
symbolic names:
keyword substitution: kv
total revisions: 1;	selected revisions: 1
description:
----------------------------
revision 1.1
date: 2002-02-27 19:31:49 -0600;  author: alexmoffat;  state: Exp;
Renamed directory
=============================================================================

RCS file: /sources/xsltxt/xsltxt/tests/test_01/known_good_results/rpt3.html,v
Working file: tests/test_01/known_good_results/rpt3.html
head: 1.1
branch:
locks: strict
access list:
symbolic names:
keyword substitution: kv
total revisions: 1;	selected revisions: 1
description:
----------------------------
revision 1.1
date: 2002-02-27 19:31:49 -0600;  author: alexmoffat;  state: Exp;
Renamed directory
=============================================================================

RCS file: /sources/xsltxt/xsltxt/tests/test_01/txt/common.txt,v
Working file: tests/test_01/txt/common.txt
head: 1.1
branch:
locks: strict
access list:
symbolic names:
keyword substitution: kv
total revisions: 1;	selected revisions: 1
description:
----------------------------
revision 1.1
date: 2002-02-26 22:44:45 -0600;  author: alexmoffat;  state: Exp;
Initial checkin.
=============================================================================

RCS file: /sources/xsltxt/xsltxt/tests/test_01/txt/rpt1.txt,v
Working file: tests/test_01/txt/rpt1.txt
head: 1.1
branch:
locks: strict
access list:
symbolic names:
keyword substitution: kv
total revisions: 1;	selected revisions: 1
description:
----------------------------
revision 1.1
date: 2002-02-26 22:44:45 -0600;  author: alexmoffat;  state: Exp;
Initial checkin.
=============================================================================

RCS file: /sources/xsltxt/xsltxt/tests/test_01/txt/rpt2.txt,v
Working file: tests/test_01/txt/rpt2.txt
head: 1.2
branch:
locks: strict
access list:
symbolic names:
keyword substitution: kv
total revisions: 2;	selected revisions: 2
description:
----------------------------
revision 1.2
date: 2002-02-27 19:55:55 -0600;  author: alexmoffat;  state: Exp;  lines: +3 -2;
Corrected error.
----------------------------
revision 1.1
date: 2002-02-26 22:44:45 -0600;  author: alexmoffat;  state: Exp;
Initial checkin.
=============================================================================

RCS file: /sources/xsltxt/xsltxt/tests/test_01/txt/rpt3.txt,v
Working file: tests/test_01/txt/rpt3.txt
head: 1.1
branch:
locks: strict
access list:
symbolic names:
keyword substitution: kv
total revisions: 1;	selected revisions: 1
description:
----------------------------
revision 1.1
date: 2002-02-26 22:44:45 -0600;  author: alexmoffat;  state: Exp;
Initial checkin.
=============================================================================

RCS file: /sources/xsltxt/xsltxt/tests/test_01/xml/test.xml,v
Working file: tests/test_01/xml/test.xml
head: 1.1
branch:
locks: strict
access list:
symbolic names:
keyword substitution: kv
total revisions: 1;	selected revisions: 1
description:
----------------------------
revision 1.1
date: 2002-02-26 22:44:45 -0600;  author: alexmoffat;  state: Exp;
Initial checkin.
=============================================================================

RCS file: /sources/xsltxt/xsltxt/tests/test_01/xsl/common.xsl,v
Working file: tests/test_01/xsl/common.xsl
head: 1.1
branch:
locks: strict
access list:
symbolic names:
keyword substitution: kv
total revisions: 1;	selected revisions: 1
description:
----------------------------
revision 1.1
date: 2002-02-26 22:44:45 -0600;  author: alexmoffat;  state: Exp;
Initial checkin.
=============================================================================

RCS file: /sources/xsltxt/xsltxt/tests/test_01/xsl/rpt1.xsl,v
Working file: tests/test_01/xsl/rpt1.xsl
head: 1.1
branch:
locks: strict
access list:
symbolic names:
keyword substitution: kv
total revisions: 1;	selected revisions: 1
description:
----------------------------
revision 1.1
date: 2002-02-26 22:44:45 -0600;  author: alexmoffat;  state: Exp;
Initial checkin.
=============================================================================

RCS file: /sources/xsltxt/xsltxt/tests/test_01/xsl/rpt2.xsl,v
Working file: tests/test_01/xsl/rpt2.xsl
head: 1.2
branch:
locks: strict
access list:
symbolic names:
keyword substitution: kv
total revisions: 2;	selected revisions: 2
description:
----------------------------
revision 1.2
date: 2002-02-27 19:55:55 -0600;  author: alexmoffat;  state: Exp;  lines: +2 -1;
Corrected error.
----------------------------
revision 1.1
date: 2002-02-26 22:44:45 -0600;  author: alexmoffat;  state: Exp;
Initial checkin.
=============================================================================

RCS file: /sources/xsltxt/xsltxt/tests/test_01/xsl/rpt3.xsl,v
Working file: tests/test_01/xsl/rpt3.xsl
head: 1.1
branch:
locks: strict
access list:
symbolic names:
keyword substitution: kv
total revisions: 1;	selected revisions: 1
description:
----------------------------
revision 1.1
date: 2002-02-26 22:44:45 -0600;  author: alexmoffat;  state: Exp;
Initial checkin.
=============================================================================

RCS file: /sources/xsltxt/xsltxt/tests/test_02/known_good_results/analyst.html,v
Working file: tests/test_02/known_good_results/analyst.html
head: 1.1
branch:
locks: strict
access list:
symbolic names:
keyword substitution: kv
total revisions: 1;	selected revisions: 1
description:
----------------------------
revision 1.1
date: 2002-02-27 19:58:56 -0600;  author: alexmoffat;  state: Exp;
Initial checkin.
=============================================================================

RCS file: /sources/xsltxt/xsltxt/tests/test_02/txt/analyst.txt,v
Working file: tests/test_02/txt/analyst.txt
head: 1.1
branch:
locks: strict
access list:
symbolic names:
keyword substitution: kv
total revisions: 1;	selected revisions: 1
description:
----------------------------
revision 1.1
date: 2002-02-27 19:58:56 -0600;  author: alexmoffat;  state: Exp;
Initial checkin.
=============================================================================

RCS file: /sources/xsltxt/xsltxt/tests/test_02/xml/analyst.xml,v
Working file: tests/test_02/xml/analyst.xml
head: 1.1
branch:
locks: strict
access list:
symbolic names:
keyword substitution: kv
total revisions: 1;	selected revisions: 1
description:
----------------------------
revision 1.1
date: 2002-02-27 19:58:56 -0600;  author: alexmoffat;  state: Exp;
Initial checkin.
=============================================================================

RCS file: /sources/xsltxt/xsltxt/tests/test_02/xsl/analyst.xsl,v
Working file: tests/test_02/xsl/analyst.xsl
head: 1.1
branch:
locks: strict
access list:
symbolic names:
keyword substitution: kv
total revisions: 1;	selected revisions: 1
description:
----------------------------
revision 1.1
date: 2002-02-27 19:58:56 -0600;  author: alexmoffat;  state: Exp;
Initial checkin.
=============================================================================

RCS file: /sources/xsltxt/xsltxt/tests/test_03/known_good_results/param_test.txt,v
Working file: tests/test_03/known_good_results/param_test.txt
head: 1.1
branch:
locks: strict
access list:
symbolic names:
keyword substitution: kv
total revisions: 1;	selected revisions: 1
description:
----------------------------
revision 1.1
date: 2002-02-27 21:57:33 -0600;  author: alexmoffat;  state: Exp;
Initial checkin.
=============================================================================

RCS file: /sources/xsltxt/xsltxt/tests/test_03/txt/param_test.txt,v
Working file: tests/test_03/txt/param_test.txt
head: 1.1
branch:
locks: strict
access list:
symbolic names:
keyword substitution: kv
total revisions: 1;	selected revisions: 1
description:
----------------------------
revision 1.1
date: 2002-02-27 21:57:33 -0600;  author: alexmoffat;  state: Exp;
Initial checkin.
=============================================================================

RCS file: /sources/xsltxt/xsltxt/tests/test_03/xml/param_test.xml,v
Working file: tests/test_03/xml/param_test.xml
head: 1.1
branch:
locks: strict
access list:
symbolic names:
keyword substitution: kv
total revisions: 1;	selected revisions: 1
description:
----------------------------
revision 1.1
date: 2002-02-27 21:57:33 -0600;  author: alexmoffat;  state: Exp;
Initial checkin.
=============================================================================
